2018-05-25 01:49:28,799 [1] DEBUG CodeVine_Parser.Program - Parsing Project for Code Recording
2018-05-25 01:49:31,919 [1] INFO HooksInjector.SourceFileHooker - Hello logging world!
2018-05-25 01:50:45,749 [1] DEBUG CodeVine_Parser.Program - Parsing Project for Code Recording
2018-05-25 01:50:49,055 [1] INFO HooksInjector.SourceFileHooker - Hello logging world!
2018-05-25 01:53:51,964 [1] INFO CodeVine_Parser.Program - Parsing Project test1.csproj for Code Recording at /Users/rohan/code/tuts/dotnet/test1
2018-05-25 01:53:54,404 [1] INFO HooksInjector.SourceFileHooker - Hello logging world!
2018-05-25 01:59:22,255 [1] INFO CodeVine_Parser.Program - Parsing Project test1.csproj for Code Recording at /Users/rohan/code/tuts/dotnet/test1
2018-05-25 01:59:22,343 [1] INFO CodeVine_Parser.Program - { RepoPath = /Users/rohan/code/tuts/dotnet/test1, RepoCsProj = test1.csproj }
2018-05-25 01:59:25,043 [1] INFO HooksInjector.SourceFileHooker - Hello logging world!
2018-05-25 02:01:09,206 [1] INFO CodeVine_Parser.Program - Parsing Project for Code Recording
2018-05-25 02:01:09,285 [1] INFO CodeVine_Parser.Program - { RepoPath = /Users/rohan/code/tuts/dotnet/test1, RepoCsProj = test1.csproj }
2018-05-25 02:01:11,675 [1] INFO HooksInjector.SourceFileHooker - Hello logging world!
2018-05-25 02:03:36,544 [1] INFO CodeVine_Parser.Program - Parsing Project for Code Recording
2018-05-25 02:03:36,654 [1] INFO CodeVine_Parser.Program - { RepoPath = /Users/rohan/code/tuts/dotnet/test1, RepoCsProj = test1.csproj }
2018-05-25 02:03:36,661 [1] DEBUG CodePraser.PipelineRunner - Instantiating Pipleline Dependencies
2018-05-25 02:03:39,958 [1] INFO HooksInjector.SourceFileHooker - Hello logging world!
2018-05-25 02:06:50,748 [1] INFO CodeVine_Parser.Program - Parsing Project for Code Recording
2018-05-25 02:06:50,827 [1] INFO CodeVine_Parser.Program - { RepoPath = /Users/rohan/code/tuts/dotnet/test1, RepoCsProj = test1.csproj }
2018-05-25 02:06:50,835 [1] DEBUG CodePraser.PipelineRunner - Instantiating Pipleline Dependencies
2018-05-25 02:06:51,065 [1] INFO CodePraser.ProjectHookingPipeline - { projectPath = /Users/rohan/code/tuts/dotnet/test1, projectFileName = test1.csproj }
2018-05-25 02:06:53,234 [1] INFO HooksInjector.SourceFileHooker - Hello logging world!
2018-05-25 02:09:26,706 [1] INFO CodeVine_Parser.Program - Parsing Project for Code Recording
2018-05-25 02:09:26,786 [1] INFO CodeVine_Parser.Program - { RepoPath = /Users/rohan/code/tuts/dotnet/test1, RepoCsProj = test1.csproj }
2018-05-25 02:09:26,793 [1] DEBUG CodePraser.PipelineRunner - Instantiating Pipleline Dependencies
2018-05-25 02:09:27,069 [1] INFO CodePraser.ProjectHookingPipeline - { projectPath = /Users/rohan/code/tuts/dotnet/test1, projectFileName = test1.csproj }
2018-05-25 02:09:27,078 [1] DEBUG CodePraser.BuildalyzerProjectParser - { rootDir = /Users/rohan/code/tuts/dotnet/test1, proName = test1.csproj }
2018-05-25 02:09:29,496 [1] INFO HooksInjector.SourceFileHooker - Hello logging world!
2018-05-25 02:09:49,618 [1] INFO CodeVine_Parser.Program - Parsing Project for Code Recording
2018-05-25 02:09:49,702 [1] INFO CodeVine_Parser.Program - { RepoPath = /Users/rohan/code/tuts/dotnet/test1, RepoCsProj = test1.csproj }
2018-05-25 02:09:49,709 [1] DEBUG CodePraser.PipelineRunner - Instantiating Pipleline Dependencies
2018-05-25 02:09:49,933 [1] INFO CodePraser.ProjectHookingPipeline - { projectPath = /Users/rohan/code/tuts/dotnet/test1, projectFileName = test1.csproj }
2018-05-25 02:09:49,943 [1] DEBUG CodePraser.BuildalyzerProjectParser - { rootDir = /Users/rohan/code/tuts/dotnet/test1, proName = test1.csproj }
2018-05-25 02:09:52,174 [1] INFO HooksInjector.SourceFileHooker - CodeParserCommon.SourceCodeInfo
2018-05-25 02:10:46,489 [1] INFO CodeVine_Parser.Program - Parsing Project for Code Recording
2018-05-25 02:10:46,564 [1] INFO CodeVine_Parser.Program - { RepoPath = /Users/rohan/code/tuts/dotnet/test1, RepoCsProj = test1.csproj }
2018-05-25 02:10:46,571 [1] DEBUG CodePraser.PipelineRunner - Instantiating Pipleline Dependencies
2018-05-25 02:10:46,806 [1] INFO CodePraser.ProjectHookingPipeline - { projectPath = /Users/rohan/code/tuts/dotnet/test1, projectFileName = test1.csproj }
2018-05-25 02:10:46,814 [1] DEBUG CodePraser.BuildalyzerProjectParser - { rootDir = /Users/rohan/code/tuts/dotnet/test1, proName = test1.csproj }
2018-05-25 02:10:48,960 [1] INFO HooksInjector.SourceFileHooker - /Users/rohan/code/tuts/dotnet/test1
2018-05-25 02:11:18,915 [1] INFO CodeVine_Parser.Program - Parsing Project for Code Recording
2018-05-25 02:11:18,992 [1] INFO CodeVine_Parser.Program - { RepoPath = /Users/rohan/code/tuts/dotnet/test1, RepoCsProj = test1.csproj }
2018-05-25 02:11:19,001 [1] DEBUG CodePraser.PipelineRunner - Instantiating Pipleline Dependencies
2018-05-25 02:11:19,243 [1] INFO CodePraser.ProjectHookingPipeline - { projectPath = /Users/rohan/code/tuts/dotnet/test1, projectFileName = test1.csproj }
2018-05-25 02:11:19,254 [1] DEBUG CodePraser.BuildalyzerProjectParser - { rootDir = /Users/rohan/code/tuts/dotnet/test1, proName = test1.csproj }
2018-05-25 02:11:21,458 [1] INFO HooksInjector.SourceFileHooker - { BaseDirPath = /Users/rohan/code/tuts/dotnet/test1 }
2018-05-25 02:14:48,331 [1] INFO CodeVine_Parser.Program - Parsing Project for Code Recording
2018-05-25 02:14:48,406 [1] INFO CodeVine_Parser.Program - { RepoPath = /Users/rohan/code/tuts/dotnet/test1, RepoCsProj = test1.csproj }
2018-05-25 02:14:48,414 [1] DEBUG CodePraser.PipelineRunner - Instantiating Pipleline Dependencies
2018-05-25 02:14:48,643 [1] INFO CodePraser.ProjectHookingPipeline - { projectPath = /Users/rohan/code/tuts/dotnet/test1, projectFileName = test1.csproj }
2018-05-25 02:14:48,650 [1] DEBUG CodePraser.BuildalyzerProjectParser - { rootDir = /Users/rohan/code/tuts/dotnet/test1, proName = test1.csproj }
2018-05-25 02:14:50,844 [1] INFO HooksInjector.SourceFileHooker - { BaseDirPath = /Users/rohan/code/tuts/dotnet/test1 }
2018-05-25 02:14:50,845 [1] INFO HooksInjector.HookInjectionPipeline - { FilePath = Program.cs }
2018-05-25 02:15:42,575 [1] INFO CodeVine_Parser.Program - Parsing Project for Code Recording
2018-05-25 02:15:42,652 [1] INFO CodeVine_Parser.Program - { RepoPath = /Users/rohan/code/tuts/dotnet/test2, RepoCsProj = test2.csproj }
2018-05-25 02:15:42,658 [1] DEBUG CodePraser.PipelineRunner - Instantiating Pipleline Dependencies
2018-05-25 02:15:42,896 [1] INFO CodePraser.ProjectHookingPipeline - { projectPath = /Users/rohan/code/tuts/dotnet/test2, projectFileName = test2.csproj }
2018-05-25 02:15:42,910 [1] DEBUG CodePraser.BuildalyzerProjectParser - { rootDir = /Users/rohan/code/tuts/dotnet/test2, proName = test2.csproj }
2018-05-25 02:15:45,057 [1] INFO HooksInjector.SourceFileHooker - { BaseDirPath = /Users/rohan/code/tuts/dotnet/test2 }
2018-05-25 02:15:45,059 [1] INFO HooksInjector.HookInjectionPipeline - { FilePath = Program.cs }
2018-05-25 02:16:12,041 [1] INFO CodeVine_Parser.Program - Parsing Project for Code Recording
2018-05-25 02:16:12,114 [1] INFO CodeVine_Parser.Program - { RepoPath = /Users/rohan/code/codevine_parser/CodeVine_Parser/TestCSharpProject, RepoCsProj = TestCSharpProject.csproj }
2018-05-25 02:16:12,121 [1] DEBUG CodePraser.PipelineRunner - Instantiating Pipleline Dependencies
2018-05-25 02:16:12,355 [1] INFO CodePraser.ProjectHookingPipeline - { projectPath = /Users/rohan/code/codevine_parser/CodeVine_Parser/TestCSharpProject, projectFileName = TestCSharpProject.csproj }
2018-05-25 02:16:12,371 [1] DEBUG CodePraser.BuildalyzerProjectParser - { rootDir = /Users/rohan/code/codevine_parser/CodeVine_Parser/TestCSharpProject, proName = TestCSharpProject.csproj }
2018-05-25 02:16:14,547 [1] INFO HooksInjector.SourceFileHooker - { BaseDirPath = /Users/rohan/code/codevine_parser/CodeVine_Parser/TestCSharpProject }
2018-05-25 02:16:14,549 [1] INFO HooksInjector.HookInjectionPipeline - { FilePath = ClassA.cs }
2018-05-25 02:16:15,195 [1] INFO HooksInjector.HookInjectionPipeline - { FilePath = ClassB.cs }
2018-05-25 02:16:15,210 [1] INFO HooksInjector.HookInjectionPipeline - { FilePath = Program.cs }
2018-05-25 02:19:53,898 [1] INFO CodeVine_Parser.Program - Parsing Project for Code Recording
2018-05-25 02:19:53,971 [1] INFO CodeVine_Parser.Program - { RepoPath = /Users/rohan/code/codevine_parser/CodeVine_Parser/TestCSharpProject, RepoCsProj = TestCSharpProject.csproj }
2018-05-25 02:19:53,978 [1] DEBUG CodePraser.PipelineRunner - Instantiating Pipleline Dependencies
2018-05-25 02:19:54,218 [1] INFO CodePraser.ProjectHookingPipeline - { projectPath = /Users/rohan/code/codevine_parser/CodeVine_Parser/TestCSharpProject, projectFileName = TestCSharpProject.csproj }
2018-05-25 02:19:54,227 [1] DEBUG CodePraser.BuildalyzerProjectParser - { rootDir = /Users/rohan/code/codevine_parser/CodeVine_Parser/TestCSharpProject, proName = TestCSharpProject.csproj }
2018-05-25 02:19:56,391 [1] INFO HooksInjector.SourceFileHooker - { BaseDirPath = /Users/rohan/code/codevine_parser/CodeVine_Parser/TestCSharpProject }
2018-05-25 02:19:56,393 [1] INFO HooksInjector.HookInjectionPipeline - { FilePath = ClassA.cs }
2018-05-25 02:19:56,817 [1] INFO HooksInjector.CodeBlockCollector - Block Parent type: ConstructorDeclarationSyntax
2018-05-25 02:19:56,820 [1] DEBUG HooksInjector.CodeBlockCollector - { methodName = ClassA }
2018-05-25 02:19:56,847 [1] INFO HooksInjector.CodeBlockCollector - Block Parent type: MethodDeclarationSyntax
2018-05-25 02:19:56,848 [1] DEBUG HooksInjector.CodeBlockCollector - { methodName = MethodA_1 }
2018-05-25 02:19:56,853 [1] INFO HooksInjector.CodeBlockCollector - Block Parent type: MethodDeclarationSyntax
2018-05-25 02:19:56,853 [1] DEBUG HooksInjector.CodeBlockCollector - { methodName = GetCount }
2018-05-25 02:19:57,019 [1] INFO HooksInjector.HookInjectionPipeline - { FilePath = ClassB.cs }
2018-05-25 02:19:57,028 [1] INFO HooksInjector.CodeBlockCollector - Block Parent type: ConstructorDeclarationSyntax
2018-05-25 02:19:57,028 [1] DEBUG HooksInjector.CodeBlockCollector - { methodName = ClassB }
2018-05-25 02:19:57,028 [1] INFO HooksInjector.CodeBlockCollector - Block Parent type: MethodDeclarationSyntax
2018-05-25 02:19:57,028 [1] DEBUG HooksInjector.CodeBlockCollector - { methodName = MethodB_1 }
2018-05-25 02:19:57,035 [1] INFO HooksInjector.HookInjectionPipeline - { FilePath = Program.cs }
2018-05-25 02:19:57,050 [1] INFO HooksInjector.CodeBlockCollector - Block Parent type: MethodDeclarationSyntax
2018-05-25 02:19:57,050 [1] DEBUG HooksInjector.CodeBlockCollector - { methodName = Main }
2018-05-25 02:22:41,722 [1] INFO CodeVine_Parser.Program::?(?) - Parsing Project for Code Recording
2018-05-25 02:22:41,799 [1] INFO CodeVine_Parser.Program::?(?) - { RepoPath = /Users/rohan/code/codevine_parser/CodeVine_Parser/TestCSharpProject, RepoCsProj = TestCSharpProject.csproj }
2018-05-25 02:22:41,807 [1] DEBUG CodePraser.PipelineRunner::?(?) - Instantiating Pipleline Dependencies
2018-05-25 02:22:42,034 [1] INFO CodePraser.ProjectHookingPipeline::?(?) - { projectPath = /Users/rohan/code/codevine_parser/CodeVine_Parser/TestCSharpProject, projectFileName = TestCSharpProject.csproj }
2018-05-25 02:22:42,052 [1] DEBUG CodePraser.BuildalyzerProjectParser::?(?) - { rootDir = /Users/rohan/code/codevine_parser/CodeVine_Parser/TestCSharpProject, proName = TestCSharpProject.csproj }
2018-05-25 02:22:44,211 [1] INFO HooksInjector.SourceFileHooker::?(?) - { BaseDirPath = /Users/rohan/code/codevine_parser/CodeVine_Parser/TestCSharpProject }
2018-05-25 02:22:44,213 [1] INFO HooksInjector.HookInjectionPipeline::?(?) - { FilePath = ClassA.cs }
2018-05-25 02:22:44,632 [1] INFO HooksInjector.CodeBlockCollector::?(?) - Block Parent type: ConstructorDeclarationSyntax
2018-05-25 02:22:44,634 [1] DEBUG HooksInjector.CodeBlockCollector::?(?) - { methodName = ClassA }
2018-05-25 02:22:44,663 [1] INFO HooksInjector.CodeBlockCollector::?(?) - Block Parent type: MethodDeclarationSyntax
2018-05-25 02:22:44,664 [1] DEBUG HooksInjector.CodeBlockCollector::?(?) - { methodName = MethodA_1 }
2018-05-25 02:22:44,668 [1] INFO HooksInjector.CodeBlockCollector::?(?) - Block Parent type: MethodDeclarationSyntax
2018-05-25 02:22:44,668 [1] DEBUG HooksInjector.CodeBlockCollector::?(?) - { methodName = GetCount }
2018-05-25 02:22:44,833 [1] INFO HooksInjector.HookInjectionPipeline::?(?) - { FilePath = ClassB.cs }
2018-05-25 02:22:44,845 [1] INFO HooksInjector.CodeBlockCollector::?(?) - Block Parent type: ConstructorDeclarationSyntax
2018-05-25 02:22:44,846 [1] DEBUG HooksInjector.CodeBlockCollector::?(?) - { methodName = ClassB }
2018-05-25 02:22:44,846 [1] INFO HooksInjector.CodeBlockCollector::?(?) - Block Parent type: MethodDeclarationSyntax
2018-05-25 02:22:44,846 [1] DEBUG HooksInjector.CodeBlockCollector::?(?) - { methodName = MethodB_1 }
2018-05-25 02:22:44,852 [1] INFO HooksInjector.HookInjectionPipeline::?(?) - { FilePath = Program.cs }
2018-05-25 02:22:44,869 [1] INFO HooksInjector.CodeBlockCollector::?(?) - Block Parent type: MethodDeclarationSyntax
2018-05-25 02:22:44,869 [1] DEBUG HooksInjector.CodeBlockCollector::?(?) - { methodName = Main }
2018-05-25 02:24:35,769 [1] INFO CodeVine_Parser.Program::? ( ? ) - Parsing Project for Code Recording
2018-05-25 02:24:35,858 [1] INFO CodeVine_Parser.Program::? ( ? ) - { RepoPath = /Users/rohan/code/codevine_parser/CodeVine_Parser/TestCSharpProject, RepoCsProj = TestCSharpProject.csproj }
2018-05-25 02:24:35,869 [1] DEBUG CodePraser.PipelineRunner::? ( ? ) - Instantiating Pipleline Dependencies
2018-05-25 02:24:36,124 [1] INFO CodePraser.ProjectHookingPipeline::? ( ? ) - { projectPath = /Users/rohan/code/codevine_parser/CodeVine_Parser/TestCSharpProject, projectFileName = TestCSharpProject.csproj }
2018-05-25 02:24:36,142 [1] DEBUG CodePraser.BuildalyzerProjectParser::? ( ? ) - { rootDir = /Users/rohan/code/codevine_parser/CodeVine_Parser/TestCSharpProject, proName = TestCSharpProject.csproj }
2018-05-25 02:24:38,398 [1] INFO HooksInjector.SourceFileHooker::? ( ? ) - { BaseDirPath = /Users/rohan/code/codevine_parser/CodeVine_Parser/TestCSharpProject }
2018-05-25 02:24:38,400 [1] INFO HooksInjector.HookInjectionPipeline::? ( ? ) - { FilePath = ClassA.cs }
2018-05-25 02:24:38,838 [1] INFO HooksInjector.CodeBlockCollector::? ( ? ) - Block Parent type: ConstructorDeclarationSyntax
2018-05-25 02:24:38,842 [1] DEBUG HooksInjector.CodeBlockCollector::? ( ? ) - { methodName = ClassA }
2018-05-25 02:24:38,869 [1] INFO HooksInjector.CodeBlockCollector::? ( ? ) - Block Parent type: MethodDeclarationSyntax
2018-05-25 02:24:38,870 [1] DEBUG HooksInjector.CodeBlockCollector::? ( ? ) - { methodName = MethodA_1 }
2018-05-25 02:24:38,874 [1] INFO HooksInjector.CodeBlockCollector::? ( ? ) - Block Parent type: MethodDeclarationSyntax
2018-05-25 02:24:38,874 [1] DEBUG HooksInjector.CodeBlockCollector::? ( ? ) - { methodName = GetCount }
2018-05-25 02:24:39,042 [1] INFO HooksInjector.HookInjectionPipeline::? ( ? ) - { FilePath = ClassB.cs }
2018-05-25 02:24:39,052 [1] INFO HooksInjector.CodeBlockCollector::? ( ? ) - Block Parent type: ConstructorDeclarationSyntax
2018-05-25 02:24:39,052 [1] DEBUG HooksInjector.CodeBlockCollector::? ( ? ) - { methodName = ClassB }
2018-05-25 02:24:39,052 [1] INFO HooksInjector.CodeBlockCollector::? ( ? ) - Block Parent type: MethodDeclarationSyntax
2018-05-25 02:24:39,052 [1] DEBUG HooksInjector.CodeBlockCollector::? ( ? ) - { methodName = MethodB_1 }
2018-05-25 02:24:39,060 [1] INFO HooksInjector.HookInjectionPipeline::? ( ? ) - { FilePath = Program.cs }
2018-05-25 02:24:39,075 [1] INFO HooksInjector.CodeBlockCollector::? ( ? ) - Block Parent type: MethodDeclarationSyntax
2018-05-25 02:24:39,075 [1] DEBUG HooksInjector.CodeBlockCollector::? ( ? ) - { methodName = Main }
2018-05-25 02:25:09,632 [1] INFO CodeVine_Parser.Program:: ? ( ? ) - Parsing Project for Code Recording
2018-05-25 02:25:09,713 [1] INFO CodeVine_Parser.Program:: ? ( ? ) - { RepoPath = /Users/rohan/code/codevine_parser/CodeVine_Parser/TestCSharpProject, RepoCsProj = TestCSharpProject.csproj }
2018-05-25 02:25:09,720 [1] DEBUG CodePraser.PipelineRunner:: ? ( ? ) - Instantiating Pipleline Dependencies
2018-05-25 02:25:09,951 [1] INFO CodePraser.ProjectHookingPipeline:: ? ( ? ) - { projectPath = /Users/rohan/code/codevine_parser/CodeVine_Parser/TestCSharpProject, projectFileName = TestCSharpProject.csproj }
2018-05-25 02:25:09,969 [1] DEBUG CodePraser.BuildalyzerProjectParser:: ? ( ? ) - { rootDir = /Users/rohan/code/codevine_parser/CodeVine_Parser/TestCSharpProject, proName = TestCSharpProject.csproj }
2018-05-25 02:25:12,247 [1] INFO HooksInjector.SourceFileHooker:: ? ( ? ) - { BaseDirPath = /Users/rohan/code/codevine_parser/CodeVine_Parser/TestCSharpProject }
2018-05-25 02:25:12,248 [1] INFO HooksInjector.HookInjectionPipeline:: ? ( ? ) - { FilePath = ClassA.cs }
2018-05-25 02:25:12,769 [1] INFO HooksInjector.CodeBlockCollector:: ? ( ? ) - Block Parent type: ConstructorDeclarationSyntax
2018-05-25 02:25:12,774 [1] DEBUG HooksInjector.CodeBlockCollector:: ? ( ? ) - { methodName = ClassA }
2018-05-25 02:25:12,807 [1] INFO HooksInjector.CodeBlockCollector:: ? ( ? ) - Block Parent type: MethodDeclarationSyntax
2018-05-25 02:25:12,808 [1] DEBUG HooksInjector.CodeBlockCollector:: ? ( ? ) - { methodName = MethodA_1 }
2018-05-25 02:25:12,814 [1] INFO HooksInjector.CodeBlockCollector:: ? ( ? ) - Block Parent type: MethodDeclarationSyntax
2018-05-25 02:25:12,814 [1] DEBUG HooksInjector.CodeBlockCollector:: ? ( ? ) - { methodName = GetCount }
2018-05-25 02:25:12,986 [1] INFO HooksInjector.HookInjectionPipeline:: ? ( ? ) - { FilePath = ClassB.cs }
2018-05-25 02:25:12,997 [1] INFO HooksInjector.CodeBlockCollector:: ? ( ? ) - Block Parent type: ConstructorDeclarationSyntax
2018-05-25 02:25:12,998 [1] DEBUG HooksInjector.CodeBlockCollector:: ? ( ? ) - { methodName = ClassB }
2018-05-25 02:25:12,998 [1] INFO HooksInjector.CodeBlockCollector:: ? ( ? ) - Block Parent type: MethodDeclarationSyntax
2018-05-25 02:25:12,998 [1] DEBUG HooksInjector.CodeBlockCollector:: ? ( ? ) - { methodName = MethodB_1 }
2018-05-25 02:25:13,004 [1] INFO HooksInjector.HookInjectionPipeline:: ? ( ? ) - { FilePath = Program.cs }
2018-05-25 02:25:13,035 [1] INFO HooksInjector.CodeBlockCollector:: ? ( ? ) - Block Parent type: MethodDeclarationSyntax
2018-05-25 02:25:13,035 [1] DEBUG HooksInjector.CodeBlockCollector:: ? ( ? ) - { methodName = Main }
2018-05-25 02:26:06,348 [1] INFO CodeVine_Parser.Program:: ? ( ? ) - Parsing Project for Code Recording
2018-05-25 02:26:06,427 [1] INFO CodeVine_Parser.Program:: ? ( ? ) - { RepoPath = /Users/rohan/code/codevine_parser/CodeVine_Parser/TestCSharpProject, RepoCsProj = TestCSharpProject.csproj }
2018-05-25 02:26:06,436 [1] DEBUG CodePraser.PipelineRunner:: ? ( ? ) - Instantiating Pipleline Dependencies
2018-05-25 02:26:06,684 [1] INFO CodePraser.ProjectHookingPipeline:: ? ( ? ) - { projectPath = /Users/rohan/code/codevine_parser/CodeVine_Parser/TestCSharpProject, projectFileName = TestCSharpProject.csproj }
2018-05-25 02:26:06,702 [1] DEBUG CodePraser.BuildalyzerProjectParser:: ? ( ? ) - { rootDir = /Users/rohan/code/codevine_parser/CodeVine_Parser/TestCSharpProject, proName = TestCSharpProject.csproj }
2018-05-25 02:26:09,571 [1] INFO HooksInjector.SourceFileHooker:: ? ( ? ) - { BaseDirPath = /Users/rohan/code/codevine_parser/CodeVine_Parser/TestCSharpProject }
2018-05-25 02:26:09,574 [1] INFO HooksInjector.HookInjectionPipeline:: ? ( ? ) - { FilePath = ClassA.cs }
2018-05-25 02:26:10,027 [1] INFO HooksInjector.CodeBlockCollector:: ? ( ? ) - Block Parent type: ConstructorDeclarationSyntax
2018-05-25 02:26:10,030 [1] DEBUG HooksInjector.CodeBlockCollector:: ? ( ? ) - { methodName = ClassA }
2018-05-25 02:26:10,062 [1] INFO HooksInjector.CodeBlockCollector:: ? ( ? ) - Block Parent type: MethodDeclarationSyntax
2018-05-25 02:26:10,063 [1] DEBUG HooksInjector.CodeBlockCollector:: ? ( ? ) - { methodName = MethodA_1 }
2018-05-25 02:26:10,068 [1] INFO HooksInjector.CodeBlockCollector:: ? ( ? ) - Block Parent type: MethodDeclarationSyntax
2018-05-25 02:26:10,068 [1] DEBUG HooksInjector.CodeBlockCollector:: ? ( ? ) - { methodName = GetCount }
2018-05-25 02:26:10,260 [1] INFO HooksInjector.HookInjectionPipeline:: ? ( ? ) - { FilePath = ClassB.cs }
2018-05-25 02:26:10,281 [1] INFO HooksInjector.CodeBlockCollector:: ? ( ? ) - Block Parent type: ConstructorDeclarationSyntax
2018-05-25 02:26:10,282 [1] DEBUG HooksInjector.CodeBlockCollector:: ? ( ? ) - { methodName = ClassB }
2018-05-25 02:26:10,282 [1] INFO HooksInjector.CodeBlockCollector:: ? ( ? ) - Block Parent type: MethodDeclarationSyntax
2018-05-25 02:26:10,283 [1] DEBUG HooksInjector.CodeBlockCollector:: ? ( ? ) - { methodName = MethodB_1 }
2018-05-25 02:26:10,299 [1] INFO HooksInjector.HookInjectionPipeline:: ? ( ? ) - { FilePath = Program.cs }
2018-05-25 02:26:10,330 [1] INFO HooksInjector.CodeBlockCollector:: ? ( ? ) - Block Parent type: MethodDeclarationSyntax
2018-05-25 02:26:10,330 [1] DEBUG HooksInjector.CodeBlockCollector:: ? ( ? ) - { methodName = Main }
2018-05-25 02:34:02,386 [1] INFO CodeVine_Parser.Program:: ? ( ? ) - Parsing Project for Code Recording
2018-05-25 02:34:02,465 [1] INFO CodeVine_Parser.Program:: ? ( ? ) - { RepoPath = /Users/rohan/code/codevine_parser/CodeVine_Parser/TestCSharpProject, RepoCsProj = TestCSharpProject.csproj }
2018-05-25 02:34:02,472 [1] DEBUG CodePraser.PipelineRunner:: ? ( ? ) - Instantiating Pipleline Dependencies
2018-05-25 02:34:02,752 [1] INFO CodePraser.ProjectHookingPipeline:: ? ( ? ) - { projectPath = /Users/rohan/code/codevine_parser/CodeVine_Parser/TestCSharpProject, projectFileName = TestCSharpProject.csproj }
2018-05-25 02:34:02,760 [1] DEBUG CodePraser.BuildalyzerProjectParser:: ? ( ? ) - { rootDir = /Users/rohan/code/codevine_parser/CodeVine_Parser/TestCSharpProject, proName = TestCSharpProject.csproj }
2018-05-25 02:34:04,969 [1] INFO HooksInjector.SourceFileHooker:: ? ( ? ) - { BaseDirPath = /Users/rohan/code/codevine_parser/CodeVine_Parser/TestCSharpProject }
2018-05-25 02:34:04,970 [1] INFO HooksInjector.HookInjectionPipeline:: ? ( ? ) - { FilePath = ClassA.cs }
2018-05-25 02:34:05,384 [1] DEBUG HooksInjector.CodeBlockCollector:: ? ( ? ) - Block Parent type: ConstructorDeclarationSyntax, at blockId 0
2018-05-25 02:34:05,387 [1] DEBUG HooksInjector.CodeBlockCollector:: ? ( ? ) - { methodName = ClassA }
2018-05-25 02:34:05,415 [1] DEBUG HooksInjector.CodeBlockCollector:: ? ( ? ) - Block Parent type: MethodDeclarationSyntax, at blockId 1
2018-05-25 02:34:05,416 [1] DEBUG HooksInjector.CodeBlockCollector:: ? ( ? ) - { methodName = MethodA_1 }
2018-05-25 02:34:05,421 [1] DEBUG HooksInjector.CodeBlockCollector:: ? ( ? ) - Block Parent type: MethodDeclarationSyntax, at blockId 2
2018-05-25 02:34:05,421 [1] DEBUG HooksInjector.CodeBlockCollector:: ? ( ? ) - { methodName = GetCount }
2018-05-25 02:34:05,597 [1] INFO HooksInjector.HookInjectionPipeline:: ? ( ? ) - { FilePath = ClassB.cs }
2018-05-25 02:34:05,607 [1] DEBUG HooksInjector.CodeBlockCollector:: ? ( ? ) - Block Parent type: ConstructorDeclarationSyntax, at blockId 0
2018-05-25 02:34:05,607 [1] DEBUG HooksInjector.CodeBlockCollector:: ? ( ? ) - { methodName = ClassB }
2018-05-25 02:34:05,607 [1] DEBUG HooksInjector.CodeBlockCollector:: ? ( ? ) - Block Parent type: MethodDeclarationSyntax, at blockId 1
2018-05-25 02:34:05,607 [1] DEBUG HooksInjector.CodeBlockCollector:: ? ( ? ) - { methodName = MethodB_1 }
2018-05-25 02:34:05,614 [1] INFO HooksInjector.HookInjectionPipeline:: ? ( ? ) - { FilePath = Program.cs }
2018-05-25 02:34:05,631 [1] DEBUG HooksInjector.CodeBlockCollector:: ? ( ? ) - Block Parent type: MethodDeclarationSyntax, at blockId 0
2018-05-25 02:34:05,631 [1] DEBUG HooksInjector.CodeBlockCollector:: ? ( ? ) - { methodName = Main }
2018-05-25 02:38:56,160 [1] INFO CodeVine_Parser.Program:: ? ( ? ) - Parsing Project for Code Recording
2018-05-25 02:38:56,260 [1] INFO CodeVine_Parser.Program:: ? ( ? ) - { RepoPath = /Users/rohan/code/codevine_parser/CodeVine_Parser/TestCSharpProject, RepoCsProj = TestCSharpProject.csproj }
2018-05-25 02:38:56,310 [1] DEBUG CodePraser.PipelineRunner:: ? ( ? ) - Instantiating Pipleline Dependencies
2018-05-25 02:38:56,932 [1] INFO CodePraser.ProjectHookingPipeline:: ? ( ? ) - { projectPath = /Users/rohan/code/codevine_parser/CodeVine_Parser/TestCSharpProject, projectFileName = TestCSharpProject.csproj }
2018-05-25 02:38:57,029 [1] DEBUG CodePraser.BuildalyzerProjectParser:: ? ( ? ) - { rootDir = /Users/rohan/code/codevine_parser/CodeVine_Parser/TestCSharpProject, proName = TestCSharpProject.csproj }
2018-05-25 02:38:59,813 [1] INFO HooksInjector.SourceFileHooker:: ? ( ? ) - { BaseDirPath = /Users/rohan/code/codevine_parser/CodeVine_Parser/TestCSharpProject }
2018-05-25 02:38:59,815 [1] INFO HooksInjector.HookInjectionPipeline:: ? ( ? ) - { FilePath = ClassA.cs }
2018-05-25 02:39:00,300 [1] DEBUG HooksInjector.CodeBlockCollector:: ? ( ? ) - Block Parent type: ConstructorDeclarationSyntax, at blockId 0
2018-05-25 02:39:00,303 [1] DEBUG HooksInjector.CodeBlockCollector:: ? ( ? ) - { methodName = ClassA }
2018-05-25 02:39:00,329 [1] DEBUG HooksInjector.CodeBlockCollector:: ? ( ? ) - Block Parent type: MethodDeclarationSyntax, at blockId 1
2018-05-25 02:39:00,330 [1] DEBUG HooksInjector.CodeBlockCollector:: ? ( ? ) - { methodName = MethodA_1 }
2018-05-25 02:39:00,336 [1] DEBUG HooksInjector.CodeBlockCollector:: ? ( ? ) - Block Parent type: MethodDeclarationSyntax, at blockId 2
2018-05-25 02:39:00,336 [1] DEBUG HooksInjector.CodeBlockCollector:: ? ( ? ) - { methodName = GetCount }
2018-05-25 02:39:00,530 [1] INFO HooksInjector.HookInjectionPipeline:: ? ( ? ) - { FilePath = ClassB.cs }
2018-05-25 02:39:00,539 [1] DEBUG HooksInjector.CodeBlockCollector:: ? ( ? ) - Block Parent type: ConstructorDeclarationSyntax, at blockId 0
2018-05-25 02:39:00,539 [1] DEBUG HooksInjector.CodeBlockCollector:: ? ( ? ) - { methodName = ClassB }
2018-05-25 02:39:00,539 [1] DEBUG HooksInjector.CodeBlockCollector:: ? ( ? ) - Block Parent type: MethodDeclarationSyntax, at blockId 1
2018-05-25 02:39:00,540 [1] DEBUG HooksInjector.CodeBlockCollector:: ? ( ? ) - { methodName = MethodB_1 }
2018-05-25 02:39:00,550 [1] INFO HooksInjector.HookInjectionPipeline:: ? ( ? ) - { FilePath = Program.cs }
2018-05-25 02:39:00,576 [1] DEBUG HooksInjector.CodeBlockCollector:: ? ( ? ) - Block Parent type: MethodDeclarationSyntax, at blockId 0
2018-05-25 02:39:00,576 [1] DEBUG HooksInjector.CodeBlockCollector:: ? ( ? ) - { methodName = Main }
2018-05-25 02:43:41,354 [1] INFO CodeVine_Parser.Program:: ? ( ? ) - Parsing Project for Code Recording
2018-05-25 02:43:41,430 [1] INFO CodeVine_Parser.Program:: ? ( ? ) - { RepoPath = /Users/rohan/code/codevine_parser/CodeVine_Parser/TestCSharpProject, RepoCsProj = TestCSharpProject.csproj }
2018-05-25 02:43:41,437 [1] DEBUG CodePraser.PipelineRunner:: ? ( ? ) - Instantiating Pipleline Dependencies
2018-05-25 02:43:41,674 [1] INFO CodePraser.ProjectHookingPipeline:: ? ( ? ) - { projectPath = /Users/rohan/code/codevine_parser/CodeVine_Parser/TestCSharpProject, projectFileName = TestCSharpProject.csproj }
2018-05-25 02:43:41,694 [1] DEBUG CodePraser.BuildalyzerProjectParser:: ? ( ? ) - { rootDir = /Users/rohan/code/codevine_parser/CodeVine_Parser/TestCSharpProject, proName = TestCSharpProject.csproj }
2018-05-25 02:43:43,875 [1] INFO HooksInjector.SourceFileHooker:: ? ( ? ) - { BaseDirPath = /Users/rohan/code/codevine_parser/CodeVine_Parser/TestCSharpProject }
2018-05-25 02:43:43,877 [1] INFO HooksInjector.HookInjectionPipeline:: ? ( ? ) - { FilePath = ClassA.cs }
2018-05-25 02:43:44,303 [1] DEBUG HooksInjector.CodeBlockCollector:: ? ( ? ) - Block Parent type: ConstructorDeclarationSyntax, at blockId 0
2018-05-25 02:43:44,305 [1] DEBUG HooksInjector.CodeBlockCollector:: ? ( ? ) - { methodName = ClassA }
2018-05-25 02:43:44,337 [1] DEBUG HooksInjector.CodeBlockCollector:: ? ( ? ) - Block Parent type: MethodDeclarationSyntax, at blockId 1
2018-05-25 02:43:44,338 [1] DEBUG HooksInjector.CodeBlockCollector:: ? ( ? ) - { methodName = MethodA_1 }
2018-05-25 02:43:44,342 [1] DEBUG HooksInjector.CodeBlockCollector:: ? ( ? ) - Block Parent type: MethodDeclarationSyntax, at blockId 2
2018-05-25 02:43:44,342 [1] DEBUG HooksInjector.CodeBlockCollector:: ? ( ? ) - { methodName = GetCount }
2018-05-25 02:43:44,509 [1] INFO HooksInjector.HookInjectionPipeline:: ? ( ? ) - { FilePath = ClassB.cs }
2018-05-25 02:43:44,517 [1] DEBUG HooksInjector.CodeBlockCollector:: ? ( ? ) - Block Parent type: ConstructorDeclarationSyntax, at blockId 0
2018-05-25 02:43:44,517 [1] DEBUG HooksInjector.CodeBlockCollector:: ? ( ? ) - { methodName = ClassB }
2018-05-25 02:43:44,517 [1] DEBUG HooksInjector.CodeBlockCollector:: ? ( ? ) - Block Parent type: MethodDeclarationSyntax, at blockId 1
2018-05-25 02:43:44,517 [1] DEBUG HooksInjector.CodeBlockCollector:: ? ( ? ) - { methodName = MethodB_1 }
2018-05-25 02:43:44,524 [1] INFO HooksInjector.HookInjectionPipeline:: ? ( ? ) - { FilePath = Program.cs }
2018-05-25 02:43:44,539 [1] DEBUG HooksInjector.CodeBlockCollector:: ? ( ? ) - Block Parent type: MethodDeclarationSyntax, at blockId 0
2018-05-25 02:43:44,539 [1] DEBUG HooksInjector.CodeBlockCollector:: ? ( ? ) - { methodName = Main }
2018-05-25 23:04:28,110 [1] INFO CodeVine_Parser.Program:: ? ( ? ) - Parsing Project for Code Recording
2018-05-25 23:04:28,203 [1] INFO CodeVine_Parser.Program:: ? ( ? ) - { RepoPath = /Users/rohan/code/codevine_parser/CodeVine_Parser/TestCSharpProject, RepoCsProj = TestCSharpProject.csproj }
2018-05-25 23:04:28,211 [1] DEBUG CodePraser.PipelineRunner:: ? ( ? ) - Instantiating Pipleline Dependencies
2018-05-25 23:04:28,618 [1] INFO CodePraser.ProjectHookingPipeline:: ? ( ? ) - { projectPath = /Users/rohan/code/codevine_parser/CodeVine_Parser/TestCSharpProject, projectFileName = TestCSharpProject.csproj }
2018-05-25 23:04:28,638 [1] DEBUG CodePraser.BuildalyzerProjectParser:: ? ( ? ) - { rootDir = /Users/rohan/code/codevine_parser/CodeVine_Parser/TestCSharpProject, proName = TestCSharpProject.csproj }
2018-05-25 23:04:30,961 [1] INFO HooksInjector.SourceFileHooker:: ? ( ? ) - { BaseDirPath = /Users/rohan/code/codevine_parser/CodeVine_Parser/TestCSharpProject }
2018-05-25 23:04:30,963 [1] INFO HooksInjector.HookInjectionPipeline:: ? ( ? ) - { FilePath = ClassA.cs }
2018-05-25 23:04:31,405 [1] DEBUG HooksInjector.CodeBlockCollector:: ? ( ? ) - Block Parent type: ConstructorDeclarationSyntax, at blockId 0
2018-05-25 23:04:31,408 [1] DEBUG HooksInjector.CodeBlockCollector:: ? ( ? ) - { methodName = ClassA }
2018-05-25 23:04:31,436 [1] DEBUG HooksInjector.CodeBlockCollector:: ? ( ? ) - Block Parent type: MethodDeclarationSyntax, at blockId 1
2018-05-25 23:04:31,437 [1] DEBUG HooksInjector.CodeBlockCollector:: ? ( ? ) - { methodName = MethodA_1 }
2018-05-25 23:04:31,442 [1] DEBUG HooksInjector.CodeBlockCollector:: ? ( ? ) - Block Parent type: MethodDeclarationSyntax, at blockId 2
2018-05-25 23:04:31,442 [1] DEBUG HooksInjector.CodeBlockCollector:: ? ( ? ) - { methodName = GetCount }
2018-05-25 23:04:31,605 [1] INFO HooksInjector.HookInjectionPipeline:: ? ( ? ) - { FilePath = ClassB.cs }
2018-05-25 23:04:31,613 [1] DEBUG HooksInjector.CodeBlockCollector:: ? ( ? ) - Block Parent type: ConstructorDeclarationSyntax, at blockId 0
2018-05-25 23:04:31,613 [1] DEBUG HooksInjector.CodeBlockCollector:: ? ( ? ) - { methodName = ClassB }
2018-05-25 23:04:31,613 [1] DEBUG HooksInjector.CodeBlockCollector:: ? ( ? ) - Block Parent type: MethodDeclarationSyntax, at blockId 1
2018-05-25 23:04:31,613 [1] DEBUG HooksInjector.CodeBlockCollector:: ? ( ? ) - { methodName = MethodB_1 }
2018-05-25 23:04:31,621 [1] INFO HooksInjector.HookInjectionPipeline:: ? ( ? ) - { FilePath = Program.cs }
2018-05-25 23:04:31,636 [1] DEBUG HooksInjector.CodeBlockCollector:: ? ( ? ) - Block Parent type: MethodDeclarationSyntax, at blockId 0
2018-05-25 23:04:31,637 [1] DEBUG HooksInjector.CodeBlockCollector:: ? ( ? ) - { methodName = Main }
